<?xml version="1.0" encoding="UTF-8"?>
<!-- Generated by org.testng.reporters.JUnitXMLReporter -->
<testsuite hostname="DESKTOP-70GVKHP" ignored="1" name="Default test" tests="3" failures="0" timestamp="30 May 2019 23:46:42 GMT" time="0.024" errors="0">
  <testcase name="FinalTest" time="0.006" classname="com.class02.DisablingTestCases"/>
  <testcase name="SecondTest" time="0.001" classname="com.class02.DisablingTestCases"/>
  <testcase name="FirstTest" time="0.001" classname="com.class02.DisablingTestCases"/>
  <testcase name="SkippedTest" time="0.0" classname="com.class02.DisablingTestCases">
    <ignored/>
  </testcase> <!-- SkippedTest -->
</testsuite> <!-- Default test -->
